<?xml version="1.0" encoding="UTF-8"?>
<coverage generated="1773407523315" clover="3.2.0">
  <project timestamp="1773407523315" name="All files">
    <metrics statements="95" coveredstatements="86" conditionals="85" coveredconditionals="62" methods="43" coveredmethods="32" elements="223" coveredelements="180" complexity="0" loc="95" ncloc="95" packages="3" files="3" classes="3"/>
    <package name="app">
      <metrics statements="52" coveredstatements="43" conditionals="59" coveredconditionals="43" methods="30" coveredmethods="19"/>
      <file name="page.tsx" path="/Users/sergii.mavrov/Play/thekotlin.com/admin/src/app/page.tsx">
        <metrics statements="52" coveredstatements="43" conditionals="59" coveredconditionals="43" methods="30" coveredmethods="19"/>
        <line num="3" count="1" type="stmt"/>
        <line num="4" count="1" type="stmt"/>
        <line num="5" count="1" type="stmt"/>
        <line num="7" count="14" type="stmt"/>
        <line num="8" count="36" type="stmt"/>
        <line num="9" count="36" type="stmt"/>
        <line num="10" count="36" type="stmt"/>
        <line num="12" count="36" type="stmt"/>
        <line num="13" count="25" type="stmt"/>
        <line num="14" count="25" type="cond" truecount="2" falsecount="0"/>
        <line num="15" count="1" type="stmt"/>
        <line num="16" count="1" type="stmt"/>
        <line num="18" count="24" type="stmt"/>
        <line num="20" count="23" type="cond" truecount="2" falsecount="0"/>
        <line num="21" count="1" type="stmt"/>
        <line num="22" count="1" type="stmt"/>
        <line num="23" count="1" type="stmt"/>
        <line num="24" count="1" type="stmt"/>
        <line num="26" count="22" type="stmt"/>
        <line num="27" count="22" type="stmt"/>
        <line num="30" count="1" type="stmt"/>
        <line num="31" count="1" type="stmt"/>
        <line num="35" count="36" type="cond" truecount="4" falsecount="0"/>
        <line num="41" count="16" type="stmt"/>
        <line num="42" count="16" type="stmt"/>
        <line num="44" count="16" type="stmt"/>
        <line num="45" count="1" type="stmt"/>
        <line num="46" count="1" type="stmt"/>
        <line num="60" count="0" type="cond" truecount="2" falsecount="0"/>
        <line num="66" count="3" type="cond" truecount="2" falsecount="0"/>
        <line num="69" count="1" type="cond" truecount="2" falsecount="0"/>
        <line num="72" count="0" type="cond" truecount="1" falsecount="1"/>
        <line num="78" count="1" type="cond" truecount="2" falsecount="0"/>
        <line num="135" count="22" type="stmt"/>
        <line num="137" count="22" type="stmt"/>
        <line num="138" count="11" type="stmt"/>
        <line num="182" count="6" type="stmt"/>
        <line num="184" count="6" type="stmt"/>
        <line num="185" count="3" type="stmt"/>
        <line num="188" count="6" type="stmt"/>
        <line num="189" count="1" type="stmt"/>
        <line num="211" count="1" type="stmt"/>
        <line num="236" count="2" type="stmt"/>
        <line num="238" count="2" type="stmt"/>
        <line num="239" count="1" type="stmt"/>
        <line num="261" count="0" type="stmt"/>
        <line num="285" count="0" type="stmt"/>
        <line num="287" count="0" type="stmt"/>
        <line num="288" count="0" type="stmt"/>
        <line num="291" count="0" type="stmt"/>
        <line num="292" count="0" type="stmt"/>
        <line num="314" count="0" type="stmt"/>
      </file>
    </package>
    <package name="app.login">
      <metrics statements="25" coveredstatements="25" conditionals="9" coveredconditionals="8" methods="4" coveredmethods="4"/>
      <file name="page.tsx" path="/Users/sergii.mavrov/Play/thekotlin.com/admin/src/app/login/page.tsx">
        <metrics statements="25" coveredstatements="25" conditionals="9" coveredconditionals="8" methods="4" coveredmethods="4"/>
        <line num="3" count="1" type="stmt"/>
        <line num="4" count="1" type="stmt"/>
        <line num="5" count="1" type="stmt"/>
        <line num="7" count="6" type="stmt"/>
        <line num="8" count="25" type="stmt"/>
        <line num="9" count="25" type="stmt"/>
        <line num="10" count="25" type="stmt"/>
        <line num="11" count="25" type="stmt"/>
        <line num="12" count="25" type="stmt"/>
        <line num="14" count="25" type="stmt"/>
        <line num="15" count="5" type="stmt"/>
        <line num="16" count="5" type="cond" truecount="1" falsecount="1"/>
        <line num="17" count="5" type="stmt"/>
        <line num="18" count="5" type="stmt"/>
        <line num="19" count="5" type="stmt"/>
        <line num="20" count="5" type="stmt"/>
        <line num="21" count="3" type="cond" truecount="2" falsecount="0"/>
        <line num="22" count="1" type="stmt"/>
        <line num="23" count="1" type="stmt"/>
        <line num="25" count="2" type="stmt"/>
        <line num="26" count="2" type="stmt"/>
        <line num="28" count="2" type="cond" truecount="2" falsecount="0"/>
        <line num="30" count="5" type="stmt"/>
        <line num="64" count="5" type="stmt"/>
        <line num="76" count="5" type="stmt"/>
      </file>
    </package>
    <package name="lib">
      <metrics statements="18" coveredstatements="18" conditionals="17" coveredconditionals="11" methods="9" coveredmethods="9"/>
      <file name="api.ts" path="/Users/sergii.mavrov/Play/thekotlin.com/admin/src/lib/api.ts">
        <metrics statements="18" coveredstatements="18" conditionals="17" coveredconditionals="11" methods="9" coveredmethods="9"/>
        <line num="1" count="1" type="cond" truecount="2" falsecount="0"/>
        <line num="4" count="12" type="cond" truecount="1" falsecount="1"/>
        <line num="6" count="12" type="stmt"/>
        <line num="11" count="12" type="cond" truecount="2" falsecount="0"/>
        <line num="12" count="1" type="stmt"/>
        <line num="15" count="12" type="stmt"/>
        <line num="17" count="12" type="cond" truecount="2" falsecount="0"/>
        <line num="18" count="2" type="stmt"/>
        <line num="19" count="2" type="cond" truecount="1" falsecount="1"/>
        <line num="22" count="10" type="stmt"/>
        <line num="95" count="12" type="stmt"/>
        <line num="97" count="3" type="stmt"/>
        <line num="99" count="1" type="stmt"/>
        <line num="101" count="1" type="stmt"/>
        <line num="104" count="1" type="stmt"/>
        <line num="106" count="4" type="stmt"/>
        <line num="108" count="1" type="stmt"/>
        <line num="111" count="1" type="stmt"/>
      </file>
    </package>
  </project>
</coverage>
