{"/Users/sergii.mavrov/Play/thekotlin.com/admin/src/app/page.tsx": {"path":"/Users/sergii.mavrov/Play/thekotlin.com/admin/src/app/page.tsx","statementMap":{"0":{"start":{"line":7,"column":24},"end":{"line":7,"column":null}},"1":{"start":{"line":3,"column":49},"end":{"line":3,"column":null}},"2":{"start":{"line":4,"column":26},"end":{"line":4,"column":null}},"3":{"start":{"line":5,"column":34},"end":{"line":5,"column":null}},"4":{"start":{"line":8,"column":28},"end":{"line":8,"column":null}},"5":{"start":{"line":9,"column":34},"end":{"line":9,"column":null}},"6":{"start":{"line":10,"column":19},"end":{"line":10,"column":null}},"7":{"start":{"line":12,"column":4},"end":{"line":33,"column":null}},"8":{"start":{"line":13,"column":22},"end":{"line":13,"column":null}},"9":{"start":{"line":14,"column":8},"end":{"line":17,"column":null}},"10":{"start":{"line":15,"column":12},"end":{"line":15,"column":null}},"11":{"start":{"line":16,"column":12},"end":{"line":16,"column":null}},"12":{"start":{"line":18,"column":8},"end":{"line":32,"column":null}},"13":{"start":{"line":20,"column":16},"end":{"line":25,"column":null}},"14":{"start":{"line":21,"column":20},"end":{"line":21,"column":null}},"15":{"start":{"line":22,"column":20},"end":{"line":22,"column":null}},"16":{"start":{"line":23,"column":20},"end":{"line":23,"column":null}},"17":{"start":{"line":24,"column":20},"end":{"line":24,"column":null}},"18":{"start":{"line":26,"column":16},"end":{"line":26,"column":null}},"19":{"start":{"line":27,"column":16},"end":{"line":27,"column":null}},"20":{"start":{"line":30,"column":16},"end":{"line":30,"column":null}},"21":{"start":{"line":31,"column":16},"end":{"line":31,"column":null}},"22":{"start":{"line":35,"column":4},"end":{"line":35,"column":null}},"23":{"start":{"line":35,"column":26},"end":{"line":35,"column":null}},"24":{"start":{"line":41,"column":28},"end":{"line":41,"column":null}},"25":{"start":{"line":42,"column":19},"end":{"line":42,"column":null}},"26":{"start":{"line":44,"column":25},"end":{"line":47,"column":null}},"27":{"start":{"line":45,"column":8},"end":{"line":45,"column":null}},"28":{"start":{"line":46,"column":8},"end":{"line":46,"column":null}},"29":{"start":{"line":60,"column":111},"end":{"line":60,"column":null}},"30":{"start":{"line":66,"column":110},"end":{"line":66,"column":null}},"31":{"start":{"line":69,"column":112},"end":{"line":69,"column":null}},"32":{"start":{"line":72,"column":109},"end":{"line":72,"column":null}},"33":{"start":{"line":78,"column":107},"end":{"line":78,"column":null}},"34":{"start":{"line":135,"column":30},"end":{"line":135,"column":null}},"35":{"start":{"line":137,"column":4},"end":{"line":139,"column":null}},"36":{"start":{"line":138,"column":8},"end":{"line":138,"column":null}},"37":{"start":{"line":182,"column":28},"end":{"line":182,"column":null}},"38":{"start":{"line":184,"column":4},"end":{"line":186,"column":null}},"39":{"start":{"line":185,"column":8},"end":{"line":185,"column":null}},"40":{"start":{"line":188,"column":23},"end":{"line":189,"column":null}},"41":{"start":{"line":189,"column":8},"end":{"line":189,"column":null}},"42":{"start":{"line":211,"column":28},"end":{"line":211,"column":null}},"43":{"start":{"line":236,"column":40},"end":{"line":236,"column":null}},"44":{"start":{"line":238,"column":4},"end":{"line":240,"column":null}},"45":{"start":{"line":239,"column":8},"end":{"line":239,"column":null}},"46":{"start":{"line":261,"column":28},"end":{"line":261,"column":null}},"47":{"start":{"line":285,"column":28},"end":{"line":285,"column":null}},"48":{"start":{"line":287,"column":4},"end":{"line":289,"column":null}},"49":{"start":{"line":288,"column":8},"end":{"line":288,"column":null}},"50":{"start":{"line":291,"column":23},"end":{"line":292,"column":null}},"51":{"start":{"line":292,"column":8},"end":{"line":292,"column":null}},"52":{"start":{"line":314,"column":28},"end":{"line":314,"column":null}}},"fnMap":{"0":{"name":"AdminPage","decl":{"start":{"line":7,"column":24},"end":{"line":7,"column":null}},"loc":{"start":{"line":7,"column":24},"end":{"line":38,"column":null}}},"1":{"name":"(anonymous_2)","decl":{"start":{"line":12,"column":14},"end":{"line":12,"column":null}},"loc":{"start":{"line":12,"column":14},"end":{"line":33,"column":7}}},"2":{"name":"(anonymous_3)","decl":{"start":{"line":19,"column":18},"end":{"line":19,"column":null}},"loc":{"start":{"line":19,"column":18},"end":{"line":28,"column":null}}},"3":{"name":"(anonymous_4)","decl":{"start":{"line":29,"column":19},"end":{"line":29,"column":null}},"loc":{"start":{"line":29,"column":19},"end":{"line":32,"column":null}}},"4":{"name":"AdminLayout","decl":{"start":{"line":40,"column":9},"end":{"line":40,"column":21}},"loc":{"start":{"line":40,"column":53},"end":{"line":113,"column":null}}},"5":{"name":"(anonymous_6)","decl":{"start":{"line":44,"column":37},"end":{"line":44,"column":null}},"loc":{"start":{"line":44,"column":37},"end":{"line":47,"column":7}}},"6":{"name":"(anonymous_7)","decl":{"start":{"line":60,"column":105},"end":{"line":60,"column":111}},"loc":{"start":{"line":60,"column":111},"end":{"line":60,"column":null}}},"7":{"name":"(anonymous_8)","decl":{"start":{"line":66,"column":104},"end":{"line":66,"column":110}},"loc":{"start":{"line":66,"column":110},"end":{"line":66,"column":null}}},"8":{"name":"(anonymous_9)","decl":{"start":{"line":69,"column":106},"end":{"line":69,"column":112}},"loc":{"start":{"line":69,"column":112},"end":{"line":69,"column":null}}},"9":{"name":"(anonymous_10)","decl":{"start":{"line":72,"column":103},"end":{"line":72,"column":109}},"loc":{"start":{"line":72,"column":109},"end":{"line":72,"column":null}}},"10":{"name":"(anonymous_11)","decl":{"start":{"line":78,"column":101},"end":{"line":78,"column":107}},"loc":{"start":{"line":78,"column":107},"end":{"line":78,"column":null}}},"11":{"name":"KotlinDiamondSVG","decl":{"start":{"line":116,"column":9},"end":{"line":116,"column":null}},"loc":{"start":{"line":116,"column":9},"end":{"line":129,"column":null}}},"12":{"name":"DashboardPage","decl":{"start":{"line":134,"column":9},"end":{"line":134,"column":null}},"loc":{"start":{"line":134,"column":9},"end":{"line":178,"column":null}}},"13":{"name":"(anonymous_14)","decl":{"start":{"line":137,"column":14},"end":{"line":137,"column":null}},"loc":{"start":{"line":137,"column":14},"end":{"line":139,"column":7}}},"14":{"name":"(anonymous_15)","decl":{"start":{"line":138,"column":44},"end":{"line":138,"column":52}},"loc":{"start":{"line":138,"column":44},"end":{"line":138,"column":null}}},"15":{"name":"ArticlesPage","decl":{"start":{"line":181,"column":9},"end":{"line":181,"column":null}},"loc":{"start":{"line":181,"column":9},"end":{"line":230,"column":null}}},"16":{"name":"(anonymous_17)","decl":{"start":{"line":184,"column":14},"end":{"line":184,"column":null}},"loc":{"start":{"line":184,"column":14},"end":{"line":186,"column":7}}},"17":{"name":"(anonymous_18)","decl":{"start":{"line":185,"column":51},"end":{"line":185,"column":59}},"loc":{"start":{"line":185,"column":51},"end":{"line":185,"column":null}}},"18":{"name":"(anonymous_19)","decl":{"start":{"line":188,"column":23},"end":{"line":188,"column":24}},"loc":{"start":{"line":189,"column":8},"end":{"line":189,"column":null}}},"19":{"name":"(anonymous_20)","decl":{"start":{"line":210,"column":42},"end":{"line":210,"column":null}},"loc":{"start":{"line":211,"column":28},"end":{"line":211,"column":null}}},"20":{"name":"CategoriesPage","decl":{"start":{"line":235,"column":9},"end":{"line":235,"column":null}},"loc":{"start":{"line":235,"column":9},"end":{"line":279,"column":null}}},"21":{"name":"(anonymous_22)","decl":{"start":{"line":238,"column":14},"end":{"line":238,"column":null}},"loc":{"start":{"line":238,"column":14},"end":{"line":240,"column":7}}},"22":{"name":"(anonymous_23)","decl":{"start":{"line":239,"column":54},"end":{"line":239,"column":62}},"loc":{"start":{"line":239,"column":54},"end":{"line":239,"column":null}}},"23":{"name":"(anonymous_24)","decl":{"start":{"line":260,"column":40},"end":{"line":260,"column":null}},"loc":{"start":{"line":261,"column":28},"end":{"line":261,"column":null}}},"24":{"name":"ThreadsPage","decl":{"start":{"line":284,"column":9},"end":{"line":284,"column":null}},"loc":{"start":{"line":284,"column":9},"end":{"line":333,"column":null}}},"25":{"name":"(anonymous_26)","decl":{"start":{"line":287,"column":14},"end":{"line":287,"column":null}},"loc":{"start":{"line":287,"column":14},"end":{"line":289,"column":7}}},"26":{"name":"(anonymous_27)","decl":{"start":{"line":288,"column":50},"end":{"line":288,"column":58}},"loc":{"start":{"line":288,"column":50},"end":{"line":288,"column":null}}},"27":{"name":"(anonymous_28)","decl":{"start":{"line":291,"column":23},"end":{"line":291,"column":24}},"loc":{"start":{"line":292,"column":8},"end":{"line":292,"column":null}}},"28":{"name":"(anonymous_29)","decl":{"start":{"line":313,"column":42},"end":{"line":313,"column":null}},"loc":{"start":{"line":314,"column":28},"end":{"line":314,"column":null}}},"29":{"name":"UsersPage","decl":{"start":{"line":336,"column":9},"end":{"line":336,"column":null}},"loc":{"start":{"line":336,"column":9},"end":{"line":351,"column":null}}}},"branchMap":{"0":{"loc":{"start":{"line":14,"column":8},"end":{"line":17,"column":null}},"type":"if","locations":[{"start":{"line":14,"column":8},"end":{"line":17,"column":null}},{"start":{},"end":{}}]},"1":{"loc":{"start":{"line":20,"column":16},"end":{"line":25,"column":null}},"type":"if","locations":[{"start":{"line":20,"column":16},"end":{"line":25,"column":null}},{"start":{},"end":{}}]},"2":{"loc":{"start":{"line":35,"column":4},"end":{"line":35,"column":null}},"type":"if","locations":[{"start":{"line":35,"column":4},"end":{"line":35,"column":null}},{"start":{},"end":{}}]},"3":{"loc":{"start":{"line":35,"column":8},"end":{"line":35,"column":26}},"type":"binary-expr","locations":[{"start":{"line":35,"column":8},"end":{"line":35,"column":19}},{"start":{"line":35,"column":19},"end":{"line":35,"column":26}}]},"4":{"loc":{"start":{"line":60,"column":56},"end":{"line":60,"column":94}},"type":"cond-expr","locations":[{"start":{"line":60,"column":79},"end":{"line":60,"column":90}},{"start":{"line":60,"column":90},"end":{"line":60,"column":94}}]},"5":{"loc":{"start":{"line":66,"column":56},"end":{"line":66,"column":93}},"type":"cond-expr","locations":[{"start":{"line":66,"column":78},"end":{"line":66,"column":89}},{"start":{"line":66,"column":89},"end":{"line":66,"column":93}}]},"6":{"loc":{"start":{"line":69,"column":56},"end":{"line":69,"column":95}},"type":"cond-expr","locations":[{"start":{"line":69,"column":80},"end":{"line":69,"column":91}},{"start":{"line":69,"column":91},"end":{"line":69,"column":95}}]},"7":{"loc":{"start":{"line":72,"column":56},"end":{"line":72,"column":92}},"type":"cond-expr","locations":[{"start":{"line":72,"column":77},"end":{"line":72,"column":88}},{"start":{"line":72,"column":88},"end":{"line":72,"column":92}}]},"8":{"loc":{"start":{"line":78,"column":56},"end":{"line":78,"column":90}},"type":"cond-expr","locations":[{"start":{"line":78,"column":75},"end":{"line":78,"column":86}},{"start":{"line":78,"column":86},"end":{"line":78,"column":90}}]},"9":{"loc":{"start":{"line":86,"column":30},"end":{"line":86,"column":63}},"type":"binary-expr","locations":[{"start":{"line":86,"column":30},"end":{"line":86,"column":46}},{"start":{"line":86,"column":50},"end":{"line":86,"column":63}}]},"10":{"loc":{"start":{"line":89,"column":64},"end":{"line":89,"column":97}},"type":"binary-expr","locations":[{"start":{"line":89,"column":64},"end":{"line":89,"column":80}},{"start":{"line":89,"column":84},"end":{"line":89,"column":97}}]},"11":{"loc":{"start":{"line":104,"column":21},"end":{"line":104,"column":null}},"type":"binary-expr","locations":[{"start":{"line":104,"column":21},"end":{"line":104,"column":45}},{"start":{"line":104,"column":45},"end":{"line":104,"column":null}}]},"12":{"loc":{"start":{"line":105,"column":21},"end":{"line":105,"column":null}},"type":"binary-expr","locations":[{"start":{"line":105,"column":21},"end":{"line":105,"column":44}},{"start":{"line":105,"column":44},"end":{"line":105,"column":null}}]},"13":{"loc":{"start":{"line":106,"column":21},"end":{"line":106,"column":null}},"type":"binary-expr","locations":[{"start":{"line":106,"column":21},"end":{"line":106,"column":46}},{"start":{"line":106,"column":46},"end":{"line":106,"column":null}}]},"14":{"loc":{"start":{"line":107,"column":21},"end":{"line":107,"column":null}},"type":"binary-expr","locations":[{"start":{"line":107,"column":21},"end":{"line":107,"column":43}},{"start":{"line":107,"column":43},"end":{"line":107,"column":null}}]},"15":{"loc":{"start":{"line":108,"column":21},"end":{"line":108,"column":null}},"type":"binary-expr","locations":[{"start":{"line":108,"column":21},"end":{"line":108,"column":41}},{"start":{"line":108,"column":41},"end":{"line":108,"column":null}}]},"16":{"loc":{"start":{"line":146,"column":49},"end":{"line":146,"column":null}},"type":"binary-expr","locations":[{"start":{"line":146,"column":49},"end":{"line":146,"column":72}},{"start":{"line":146,"column":72},"end":{"line":146,"column":null}}]},"17":{"loc":{"start":{"line":151,"column":49},"end":{"line":151,"column":null}},"type":"binary-expr","locations":[{"start":{"line":151,"column":49},"end":{"line":151,"column":73}},{"start":{"line":151,"column":73},"end":{"line":151,"column":null}}]},"18":{"loc":{"start":{"line":156,"column":49},"end":{"line":156,"column":null}},"type":"binary-expr","locations":[{"start":{"line":156,"column":49},"end":{"line":156,"column":71}},{"start":{"line":156,"column":71},"end":{"line":156,"column":null}}]},"19":{"loc":{"start":{"line":161,"column":49},"end":{"line":161,"column":null}},"type":"binary-expr","locations":[{"start":{"line":161,"column":49},"end":{"line":161,"column":69}},{"start":{"line":161,"column":69},"end":{"line":161,"column":null}}]},"20":{"loc":{"start":{"line":195,"column":52},"end":{"line":195,"column":77}},"type":"binary-expr","locations":[{"start":{"line":195,"column":52},"end":{"line":195,"column":75}},{"start":{"line":195,"column":75},"end":{"line":195,"column":77}}]},"21":{"loc":{"start":{"line":198,"column":16},"end":{"line":223,"column":17}},"type":"cond-expr","locations":[{"start":{"line":198,"column":16},"end":{"line":223,"column":17}}]},"22":{"loc":{"start":{"line":197,"column":13},"end":{"line":197,"column":null}},"type":"binary-expr","locations":[{"start":{"line":197,"column":13},"end":{"line":197,"column":21}},{"start":{"line":197,"column":21},"end":{"line":197,"column":null}}]},"23":{"loc":{"start":{"line":214,"column":37},"end":{"line":214,"column":78}},"type":"binary-expr","locations":[{"start":{"line":214,"column":37},"end":{"line":214,"column":57}},{"start":{"line":214,"column":61},"end":{"line":214,"column":78}}]},"24":{"loc":{"start":{"line":215,"column":37},"end":{"line":215,"column":null}},"type":"binary-expr","locations":[{"start":{"line":215,"column":37},"end":{"line":215,"column":57}},{"start":{"line":215,"column":57},"end":{"line":215,"column":null}}]},"25":{"loc":{"start":{"line":249,"column":16},"end":{"line":272,"column":17}},"type":"cond-expr","locations":[{"start":{"line":249,"column":16},"end":{"line":272,"column":17}}]},"26":{"loc":{"start":{"line":266,"column":37},"end":{"line":266,"column":null}},"type":"binary-expr","locations":[{"start":{"line":266,"column":37},"end":{"line":266,"column":50}},{"start":{"line":266,"column":54},"end":{"line":266,"column":null}}]},"27":{"loc":{"start":{"line":298,"column":52},"end":{"line":298,"column":77}},"type":"binary-expr","locations":[{"start":{"line":298,"column":52},"end":{"line":298,"column":75}},{"start":{"line":298,"column":75},"end":{"line":298,"column":77}}]},"28":{"loc":{"start":{"line":301,"column":16},"end":{"line":326,"column":17}},"type":"cond-expr","locations":[{"start":{"line":301,"column":16},"end":{"line":326,"column":17}}]},"29":{"loc":{"start":{"line":300,"column":13},"end":{"line":300,"column":null}},"type":"binary-expr","locations":[{"start":{"line":300,"column":13},"end":{"line":300,"column":21}},{"start":{"line":300,"column":21},"end":{"line":300,"column":null}}]},"30":{"loc":{"start":{"line":317,"column":37},"end":{"line":317,"column":78}},"type":"binary-expr","locations":[{"start":{"line":317,"column":37},"end":{"line":317,"column":57}},{"start":{"line":317,"column":61},"end":{"line":317,"column":78}}]}},"s":{"0":14,"1":1,"2":1,"3":1,"4":36,"5":36,"6":36,"7":36,"8":25,"9":25,"10":1,"11":1,"12":24,"13":23,"14":1,"15":1,"16":1,"17":1,"18":22,"19":22,"20":1,"21":1,"22":36,"23":14,"24":16,"25":16,"26":16,"27":1,"28":1,"29":0,"30":3,"31":1,"32":0,"33":1,"34":22,"35":22,"36":11,"37":6,"38":6,"39":3,"40":6,"41":1,"42":1,"43":2,"44":2,"45":1,"46":0,"47":0,"48":0,"49":0,"50":0,"51":0,"52":0},"f":{"0":36,"1":25,"2":23,"3":1,"4":16,"5":1,"6":0,"7":3,"8":1,"9":0,"10":1,"11":16,"12":22,"13":11,"14":0,"15":6,"16":3,"17":0,"18":1,"19":1,"20":2,"21":1,"22":0,"23":0,"24":0,"25":0,"26":0,"27":0,"28":0,"29":1},"b":{"0":[1,24],"1":[1,22],"2":[14,22],"3":[36,22],"4":[11,5],"5":[3,13],"6":[1,15],"7":[0,16],"8":[1,15],"9":[16,0],"10":[16,0],"11":[16,11],"12":[16,3],"13":[16,1],"14":[16,0],"15":[16,1],"16":[22,11],"17":[22,11],"18":[22,11],"19":[22,11],"20":[6,3],"21":[1],"22":[6,3],"23":[1,0],"24":[1,0],"25":[0],"26":[0,0],"27":[0,0],"28":[0],"29":[0,0],"30":[0,0]}}
,"/Users/sergii.mavrov/Play/thekotlin.com/admin/src/app/login/page.tsx": {"path":"/Users/sergii.mavrov/Play/thekotlin.com/admin/src/app/login/page.tsx","statementMap":{"0":{"start":{"line":7,"column":24},"end":{"line":7,"column":null}},"1":{"start":{"line":3,"column":25},"end":{"line":3,"column":null}},"2":{"start":{"line":4,"column":26},"end":{"line":4,"column":null}},"3":{"start":{"line":5,"column":20},"end":{"line":5,"column":null}},"4":{"start":{"line":8,"column":19},"end":{"line":8,"column":null}},"5":{"start":{"line":9,"column":36},"end":{"line":9,"column":null}},"6":{"start":{"line":10,"column":36},"end":{"line":10,"column":null}},"7":{"start":{"line":11,"column":30},"end":{"line":11,"column":null}},"8":{"start":{"line":12,"column":34},"end":{"line":12,"column":null}},"9":{"start":{"line":14,"column":25},"end":{"line":32,"column":null}},"10":{"start":{"line":15,"column":8},"end":{"line":15,"column":null}},"11":{"start":{"line":16,"column":8},"end":{"line":16,"column":null}},"12":{"start":{"line":16,"column":21},"end":{"line":16,"column":null}},"13":{"start":{"line":17,"column":8},"end":{"line":17,"column":null}},"14":{"start":{"line":18,"column":8},"end":{"line":18,"column":null}},"15":{"start":{"line":19,"column":8},"end":{"line":31,"column":null}},"16":{"start":{"line":20,"column":24},"end":{"line":20,"column":null}},"17":{"start":{"line":21,"column":12},"end":{"line":24,"column":null}},"18":{"start":{"line":22,"column":16},"end":{"line":22,"column":null}},"19":{"start":{"line":23,"column":16},"end":{"line":23,"column":null}},"20":{"start":{"line":25,"column":12},"end":{"line":25,"column":null}},"21":{"start":{"line":26,"column":12},"end":{"line":26,"column":null}},"22":{"start":{"line":28,"column":12},"end":{"line":28,"column":null}},"23":{"start":{"line":30,"column":12},"end":{"line":30,"column":null}},"24":{"start":{"line":64,"column":43},"end":{"line":64,"column":null}},"25":{"start":{"line":76,"column":43},"end":{"line":76,"column":null}}},"fnMap":{"0":{"name":"AdminLoginPage","decl":{"start":{"line":7,"column":24},"end":{"line":7,"column":null}},"loc":{"start":{"line":7,"column":24},"end":{"line":88,"column":null}}},"1":{"name":"(anonymous_2)","decl":{"start":{"line":14,"column":25},"end":{"line":14,"column":32}},"loc":{"start":{"line":14,"column":32},"end":{"line":32,"column":null}}},"2":{"name":"(anonymous_3)","decl":{"start":{"line":64,"column":38},"end":{"line":64,"column":43}},"loc":{"start":{"line":64,"column":43},"end":{"line":64,"column":null}}},"3":{"name":"(anonymous_4)","decl":{"start":{"line":76,"column":38},"end":{"line":76,"column":43}},"loc":{"start":{"line":76,"column":43},"end":{"line":76,"column":null}}}},"branchMap":{"0":{"loc":{"start":{"line":16,"column":8},"end":{"line":16,"column":null}},"type":"if","locations":[{"start":{"line":16,"column":8},"end":{"line":16,"column":null}},{"start":{},"end":{}}]},"1":{"loc":{"start":{"line":21,"column":12},"end":{"line":24,"column":null}},"type":"if","locations":[{"start":{"line":21,"column":12},"end":{"line":24,"column":null}},{"start":{},"end":{}}]},"2":{"loc":{"start":{"line":28,"column":21},"end":{"line":28,"column":null}},"type":"cond-expr","locations":[{"start":{"line":28,"column":44},"end":{"line":28,"column":55}},{"start":{"line":28,"column":58},"end":{"line":28,"column":null}}]},"3":{"loc":{"start":{"line":54,"column":17},"end":{"line":54,"column":26}},"type":"binary-expr","locations":[{"start":{"line":54,"column":17},"end":{"line":54,"column":26}}]},"4":{"loc":{"start":{"line":82,"column":25},"end":{"line":82,"column":null}},"type":"cond-expr","locations":[{"start":{"line":82,"column":35},"end":{"line":82,"column":53}},{"start":{"line":82,"column":53},"end":{"line":82,"column":null}}]}},"s":{"0":6,"1":1,"2":1,"3":1,"4":25,"5":25,"6":25,"7":25,"8":25,"9":25,"10":5,"11":5,"12":0,"13":5,"14":5,"15":5,"16":5,"17":3,"18":1,"19":1,"20":2,"21":2,"22":2,"23":5,"24":5,"25":5},"f":{"0":25,"1":5,"2":5,"3":5},"b":{"0":[0,5],"1":[1,2],"2":[1,1],"3":[25],"4":[5,20]}}
,"/Users/sergii.mavrov/Play/thekotlin.com/admin/src/lib/api.ts": {"path":"/Users/sergii.mavrov/Play/thekotlin.com/admin/src/lib/api.ts","statementMap":{"0":{"start":{"line":95,"column":13},"end":{"line":95,"column":19}},"1":{"start":{"line":1,"column":17},"end":{"line":1,"column":null}},"2":{"start":{"line":4,"column":18},"end":{"line":4,"column":null}},"3":{"start":{"line":6,"column":44},"end":{"line":9,"column":null}},"4":{"start":{"line":11,"column":4},"end":{"line":13,"column":null}},"5":{"start":{"line":12,"column":8},"end":{"line":12,"column":null}},"6":{"start":{"line":15,"column":16},"end":{"line":15,"column":null}},"7":{"start":{"line":17,"column":4},"end":{"line":20,"column":null}},"8":{"start":{"line":18,"column":22},"end":{"line":18,"column":null}},"9":{"start":{"line":18,"column":52},"end":{"line":18,"column":null}},"10":{"start":{"line":19,"column":8},"end":{"line":19,"column":null}},"11":{"start":{"line":22,"column":4},"end":{"line":22,"column":null}},"12":{"start":{"line":95,"column":19},"end":{"line":112,"column":null}},"13":{"start":{"line":97,"column":8},"end":{"line":97,"column":null}},"14":{"start":{"line":99,"column":17},"end":{"line":99,"column":null}},"15":{"start":{"line":101,"column":20},"end":{"line":101,"column":null}},"16":{"start":{"line":104,"column":8},"end":{"line":104,"column":null}},"17":{"start":{"line":106,"column":25},"end":{"line":106,"column":null}},"18":{"start":{"line":108,"column":19},"end":{"line":108,"column":null}},"19":{"start":{"line":111,"column":8},"end":{"line":111,"column":null}}},"fnMap":{"0":{"name":"request","decl":{"start":{"line":3,"column":15},"end":{"line":3,"column":26}},"loc":{"start":{"line":3,"column":65},"end":{"line":23,"column":null}}},"1":{"name":"(anonymous_2)","decl":{"start":{"line":18,"column":45},"end":{"line":18,"column":52}},"loc":{"start":{"line":18,"column":52},"end":{"line":18,"column":null}}},"2":{"name":"(anonymous_3)","decl":{"start":{"line":96,"column":11},"end":{"line":96,"column":12}},"loc":{"start":{"line":97,"column":8},"end":{"line":97,"column":null}}},"3":{"name":"(anonymous_4)","decl":{"start":{"line":99,"column":11},"end":{"line":99,"column":17}},"loc":{"start":{"line":99,"column":17},"end":{"line":99,"column":null}}},"4":{"name":"(anonymous_5)","decl":{"start":{"line":101,"column":14},"end":{"line":101,"column":20}},"loc":{"start":{"line":101,"column":20},"end":{"line":101,"column":null}}},"5":{"name":"(anonymous_6)","decl":{"start":{"line":103,"column":17},"end":{"line":103,"column":18}},"loc":{"start":{"line":104,"column":8},"end":{"line":104,"column":null}}},"6":{"name":"(anonymous_7)","decl":{"start":{"line":106,"column":19},"end":{"line":106,"column":25}},"loc":{"start":{"line":106,"column":25},"end":{"line":106,"column":null}}},"7":{"name":"(anonymous_8)","decl":{"start":{"line":108,"column":13},"end":{"line":108,"column":19}},"loc":{"start":{"line":108,"column":19},"end":{"line":108,"column":null}}},"8":{"name":"(anonymous_9)","decl":{"start":{"line":110,"column":16},"end":{"line":110,"column":17}},"loc":{"start":{"line":111,"column":8},"end":{"line":111,"column":null}}}},"branchMap":{"0":{"loc":{"start":{"line":1,"column":17},"end":{"line":1,"column":null}},"type":"binary-expr","locations":[{"start":{"line":1,"column":17},"end":{"line":1,"column":48}},{"start":{"line":1,"column":52},"end":{"line":1,"column":null}}]},"1":{"loc":{"start":{"line":3,"column":40},"end":{"line":3,"column":65}},"type":"default-arg","locations":[{"start":{"line":3,"column":63},"end":{"line":3,"column":65}}]},"2":{"loc":{"start":{"line":4,"column":18},"end":{"line":4,"column":null}},"type":"cond-expr","locations":[{"start":{"line":4,"column":50},"end":{"line":4,"column":88}},{"start":{"line":4,"column":88},"end":{"line":4,"column":null}}]},"3":{"loc":{"start":{"line":8,"column":12},"end":{"line":8,"column":59}},"type":"binary-expr","locations":[{"start":{"line":8,"column":12},"end":{"line":8,"column":27}},{"start":{"line":8,"column":57},"end":{"line":8,"column":59}}]},"4":{"loc":{"start":{"line":11,"column":4},"end":{"line":13,"column":null}},"type":"if","locations":[{"start":{"line":11,"column":4},"end":{"line":13,"column":null}},{"start":{},"end":{}}]},"5":{"loc":{"start":{"line":17,"column":4},"end":{"line":20,"column":null}},"type":"if","locations":[{"start":{"line":17,"column":4},"end":{"line":20,"column":null}},{"start":{},"end":{}}]},"6":{"loc":{"start":{"line":19,"column":24},"end":{"line":19,"column":59}},"type":"binary-expr","locations":[{"start":{"line":19,"column":24},"end":{"line":19,"column":35}},{"start":{"line":19,"column":39},"end":{"line":19,"column":59}}]},"7":{"loc":{"start":{"line":103,"column":18},"end":{"line":103,"column":26}},"type":"default-arg","locations":[{"start":{"line":103,"column":25},"end":{"line":103,"column":26}}]},"8":{"loc":{"start":{"line":103,"column":28},"end":{"line":103,"column":37}},"type":"default-arg","locations":[{"start":{"line":103,"column":35},"end":{"line":103,"column":37}}]},"9":{"loc":{"start":{"line":110,"column":17},"end":{"line":110,"column":25}},"type":"default-arg","locations":[{"start":{"line":110,"column":24},"end":{"line":110,"column":25}}]},"10":{"loc":{"start":{"line":110,"column":27},"end":{"line":110,"column":36}},"type":"default-arg","locations":[{"start":{"line":110,"column":34},"end":{"line":110,"column":36}}]}},"s":{"0":12,"1":1,"2":12,"3":12,"4":12,"5":1,"6":12,"7":12,"8":2,"9":1,"10":2,"11":10,"12":1,"13":3,"14":1,"15":1,"16":1,"17":4,"18":1,"19":1},"f":{"0":12,"1":1,"2":3,"3":1,"4":1,"5":1,"6":4,"7":1,"8":1},"b":{"0":[1,1],"1":[9],"2":[12,0],"3":[12,12],"4":[1,11],"5":[2,10],"6":[2,0],"7":[0],"8":[0],"9":[0],"10":[0]}}
}
