TN:
SF:src/app/page.tsx
FN:7,AdminPage
FN:12,(anonymous_2)
FN:19,(anonymous_3)
FN:29,(anonymous_4)
FN:40,AdminLayout
FN:44,(anonymous_6)
FN:60,(anonymous_7)
FN:66,(anonymous_8)
FN:69,(anonymous_9)
FN:72,(anonymous_10)
FN:78,(anonymous_11)
FN:116,KotlinDiamondSVG
FN:134,DashboardPage
FN:137,(anonymous_14)
FN:138,(anonymous_15)
FN:181,ArticlesPage
FN:184,(anonymous_17)
FN:185,(anonymous_18)
FN:188,(anonymous_19)
FN:210,(anonymous_20)
FN:235,CategoriesPage
FN:238,(anonymous_22)
FN:239,(anonymous_23)
FN:260,(anonymous_24)
FN:284,ThreadsPage
FN:287,(anonymous_26)
FN:288,(anonymous_27)
FN:291,(anonymous_28)
FN:313,(anonymous_29)
FN:336,UsersPage
FNF:30
FNH:19
FNDA:36,AdminPage
FNDA:25,(anonymous_2)
FNDA:23,(anonymous_3)
FNDA:1,(anonymous_4)
FNDA:16,AdminLayout
FNDA:1,(anonymous_6)
FNDA:0,(anonymous_7)
FNDA:3,(anonymous_8)
FNDA:1,(anonymous_9)
FNDA:0,(anonymous_10)
FNDA:1,(anonymous_11)
FNDA:16,KotlinDiamondSVG
FNDA:22,DashboardPage
FNDA:11,(anonymous_14)
FNDA:0,(anonymous_15)
FNDA:6,ArticlesPage
FNDA:3,(anonymous_17)
FNDA:0,(anonymous_18)
FNDA:1,(anonymous_19)
FNDA:1,(anonymous_20)
FNDA:2,CategoriesPage
FNDA:1,(anonymous_22)
FNDA:0,(anonymous_23)
FNDA:0,(anonymous_24)
FNDA:0,ThreadsPage
FNDA:0,(anonymous_26)
FNDA:0,(anonymous_27)
FNDA:0,(anonymous_28)
FNDA:0,(anonymous_29)
FNDA:1,UsersPage
DA:3,1
DA:4,1
DA:5,1
DA:7,14
DA:8,36
DA:9,36
DA:10,36
DA:12,36
DA:13,25
DA:14,25
DA:15,1
DA:16,1
DA:18,24
DA:20,23
DA:21,1
DA:22,1
DA:23,1
DA:24,1
DA:26,22
DA:27,22
DA:30,1
DA:31,1
DA:35,36
DA:41,16
DA:42,16
DA:44,16
DA:45,1
DA:46,1
DA:60,0
DA:66,3
DA:69,1
DA:72,0
DA:78,1
DA:135,22
DA:137,22
DA:138,11
DA:182,6
DA:184,6
DA:185,3
DA:188,6
DA:189,1
DA:211,1
DA:236,2
DA:238,2
DA:239,1
DA:261,0
DA:285,0
DA:287,0
DA:288,0
DA:291,0
DA:292,0
DA:314,0
LF:52
LH:43
BRDA:14,0,0,1
BRDA:14,0,1,24
BRDA:20,1,0,1
BRDA:20,1,1,22
BRDA:35,2,0,14
BRDA:35,2,1,22
BRDA:35,3,0,36
BRDA:35,3,1,22
BRDA:60,4,0,11
BRDA:60,4,1,5
BRDA:66,5,0,3
BRDA:66,5,1,13
BRDA:69,6,0,1
BRDA:69,6,1,15
BRDA:72,7,0,0
BRDA:72,7,1,16
BRDA:78,8,0,1
BRDA:78,8,1,15
BRDA:86,9,0,16
BRDA:86,9,1,0
BRDA:89,10,0,16
BRDA:89,10,1,0
BRDA:104,11,0,16
BRDA:104,11,1,11
BRDA:105,12,0,16
BRDA:105,12,1,3
BRDA:106,13,0,16
BRDA:106,13,1,1
BRDA:107,14,0,16
BRDA:107,14,1,0
BRDA:108,15,0,16
BRDA:108,15,1,1
BRDA:146,16,0,22
BRDA:146,16,1,11
BRDA:151,17,0,22
BRDA:151,17,1,11
BRDA:156,18,0,22
BRDA:156,18,1,11
BRDA:161,19,0,22
BRDA:161,19,1,11
BRDA:195,20,0,6
BRDA:195,20,1,3
BRDA:198,21,0,1
BRDA:197,22,0,6
BRDA:197,22,1,3
BRDA:214,23,0,1
BRDA:214,23,1,0
BRDA:215,24,0,1
BRDA:215,24,1,0
BRDA:249,25,0,0
BRDA:266,26,0,0
BRDA:266,26,1,0
BRDA:298,27,0,0
BRDA:298,27,1,0
BRDA:301,28,0,0
BRDA:300,29,0,0
BRDA:300,29,1,0
BRDA:317,30,0,0
BRDA:317,30,1,0
BRF:59
BRH:43
end_of_record
TN:
SF:src/app/login/page.tsx
FN:7,AdminLoginPage
FN:14,(anonymous_2)
FN:64,(anonymous_3)
FN:76,(anonymous_4)
FNF:4
FNH:4
FNDA:25,AdminLoginPage
FNDA:5,(anonymous_2)
FNDA:5,(anonymous_3)
FNDA:5,(anonymous_4)
DA:3,1
DA:4,1
DA:5,1
DA:7,6
DA:8,25
DA:9,25
DA:10,25
DA:11,25
DA:12,25
DA:14,25
DA:15,5
DA:16,5
DA:17,5
DA:18,5
DA:19,5
DA:20,5
DA:21,3
DA:22,1
DA:23,1
DA:25,2
DA:26,2
DA:28,2
DA:30,5
DA:64,5
DA:76,5
LF:25
LH:25
BRDA:16,0,0,0
BRDA:16,0,1,5
BRDA:21,1,0,1
BRDA:21,1,1,2
BRDA:28,2,0,1
BRDA:28,2,1,1
BRDA:54,3,0,25
BRDA:82,4,0,5
BRDA:82,4,1,20
BRF:9
BRH:8
end_of_record
TN:
SF:src/lib/api.ts
FN:3,request
FN:18,(anonymous_2)
FN:96,(anonymous_3)
FN:99,(anonymous_4)
FN:101,(anonymous_5)
FN:103,(anonymous_6)
FN:106,(anonymous_7)
FN:108,(anonymous_8)
FN:110,(anonymous_9)
FNF:9
FNH:9
FNDA:12,request
FNDA:1,(anonymous_2)
FNDA:3,(anonymous_3)
FNDA:1,(anonymous_4)
FNDA:1,(anonymous_5)
FNDA:1,(anonymous_6)
FNDA:4,(anonymous_7)
FNDA:1,(anonymous_8)
FNDA:1,(anonymous_9)
DA:1,1
DA:4,12
DA:6,12
DA:11,12
DA:12,1
DA:15,12
DA:17,12
DA:18,2
DA:19,2
DA:22,10
DA:95,12
DA:97,3
DA:99,1
DA:101,1
DA:104,1
DA:106,4
DA:108,1
DA:111,1
LF:18
LH:18
BRDA:1,0,0,1
BRDA:1,0,1,1
BRDA:3,1,0,9
BRDA:4,2,0,12
BRDA:4,2,1,0
BRDA:8,3,0,12
BRDA:8,3,1,12
BRDA:11,4,0,1
BRDA:11,4,1,11
BRDA:17,5,0,2
BRDA:17,5,1,10
BRDA:19,6,0,2
BRDA:19,6,1,0
BRDA:103,7,0,0
BRDA:103,8,0,0
BRDA:110,9,0,0
BRDA:110,10,0,0
BRF:17
BRH:11
end_of_record
